2023-11-08 15:52:00,126 INFO: 
     ______                   __   __                 __      __
    / ____/____   ____   ____/ /  / /   __  __ _____ / /__   / /
   / / __ / __ \ / __ \ / __  /  / /   / / / // ___// //_/  / /
  / /_/ // /_/ // /_/ // /_/ /  / /___/ /_/ // /__ / /<    /_/
  \____/ \____/ \____/ \____/  /_____/\____/ \___//_/|_|  (_)
    
Version Information: 
	PyTorch: 2.0.1
	TorchVision: 0.15.2
2023-11-08 15:52:00,126 INFO: 
  name: ClassicalX2_011_SwinIR_Split_MSA+CNN_DIV2K_P48W8_LR2e-4Cos_B8G1_2080ti
  model_type: SwinIRModel
  scale: 2
  num_gpu: 1
  manual_seed: 3407
  datasets:[
    train:[
      name: DIV2K
      type: PairedImageDataset
      dataroot_gt: datasets/DIV2K/DIV2K_train_HR_sub
      dataroot_lq: datasets/DIV2K/DIV2K_train_LR_bicubic/X2_sub
      meta_info_file: data/meta_info/meta_info_DIV2K800sub_GT.txt
      filename_tmpl: {}
      io_backend:[
        type: disk
      ]
      gt_size: 96
      use_hflip: True
      use_rot: True
      num_worker_per_gpu: 8
      batch_size_per_gpu: 10
      dataset_enlarge_ratio: 1
      prefetch_mode: None
      phase: train
      scale: 2
    ]
    val_1:[
      name: Set5
      type: PairedImageDataset
      dataroot_gt: datasets/Set5/GTmod12
      dataroot_lq: datasets/Set5/LRbicx2
      io_backend:[
        type: disk
      ]
      phase: val
      scale: 2
    ]
    val_2:[
      name: Set14
      type: PairedImageDataset
      dataroot_gt: datasets/Set14/GTmod12
      dataroot_lq: datasets/Set14/LRbicx2
      io_backend:[
        type: disk
      ]
      phase: val
      scale: 2
    ]
    val_3:[
      name: BSD100
      type: PairedImageDataset
      dataroot_gt: datasets/BSDS100/GTmod12
      dataroot_lq: datasets/BSDS100/LRbicx2
      io_backend:[
        type: disk
      ]
      phase: val
      scale: 2
    ]
    val_4:[
      name: Urban100
      type: PairedImageDataset
      dataroot_gt: datasets/urban100/GTmod12
      dataroot_lq: datasets/urban100/LRbicx2
      io_backend:[
        type: disk
      ]
      phase: val
      scale: 2
    ]
    val_5:[
      name: Manga109
      type: PairedImageDataset
      dataroot_gt: datasets/manga109/GTmod12
      dataroot_lq: datasets/manga109/LRbicx2
      io_backend:[
        type: disk
      ]
      phase: val
      scale: 2
    ]
  ]
  network_g:[
    type: SwinIR
    upscale: 2
    in_chans: 3
    img_size: 48
    window_size: 8
    img_range: 1.0
    depths: [6, 6, 6, 6, 6, 6]
    embed_dim: 180
    num_heads: [6, 6, 6, 6, 6, 6]
    mlp_ratio: 2
    upsampler: pixelshuffle
    resi_connection: 1conv
  ]
  path:[
    pretrain_network_g: /share3/home/renzihao/Pipeline/experiments/Doing/011_SwinIR_Split_MSA+CNN_DIV2K_P48W8_LR2e-4Cos_B8G1_2080ti/weights/net_g_90000.pth
    strict_load_g: False
    resume_state: /share3/home/renzihao/Pipeline/experiments/Doing/011_SwinIR_Split_MSA+CNN_DIV2K_P48W8_LR2e-4Cos_B8G1_2080ti/training_states/90000.state
    experiments_root: /share3/home/renzihao/Pipeline/experiments/Doing/011_SwinIR_Split_MSA+CNN_DIV2K_P48W8_LR2e-4Cos_B8G1_2080ti
    models: /share3/home/renzihao/Pipeline/experiments/Doing/011_SwinIR_Split_MSA+CNN_DIV2K_P48W8_LR2e-4Cos_B8G1_2080ti/weights
    training_states: /share3/home/renzihao/Pipeline/experiments/Doing/011_SwinIR_Split_MSA+CNN_DIV2K_P48W8_LR2e-4Cos_B8G1_2080ti/training_states
    log: /share3/home/renzihao/Pipeline/experiments/Doing/011_SwinIR_Split_MSA+CNN_DIV2K_P48W8_LR2e-4Cos_B8G1_2080ti
    visualization: /share3/home/renzihao/Pipeline/experiments/Doing/011_SwinIR_Split_MSA+CNN_DIV2K_P48W8_LR2e-4Cos_B8G1_2080ti/visualization
    tb_logger: /share3/home/renzihao/Pipeline/experiments/Doing/011_SwinIR_Split_MSA+CNN_DIV2K_P48W8_LR2e-4Cos_B8G1_2080ti/tb_logger
  ]
  train:[
    ema_decay: 0.999
    optim_g:[
      type: Adam
      lr: 0.0002
      weight_decay: 0
      betas: [0.9, 0.99]
    ]
    scheduler:[
      type: CosineAnnealingRestartLR
      periods: [200000, 200000, 200000, 200000, 200000]
      restart_weights: [1, 1, 0.5, 0.5, 0.5]
    ]
    total_iter: 1000000
    warmup_iter: 100000
    pixel_opt:[
      type: CharbonnierLossColor
      loss_weight: 1.0
      reduction: mean
    ]
  ]
  val:[
    val_freq: 5000.0
    save_img: False
    metrics:[
      psnr:[
        type: calculate_psnr
        crop_border: 2
        test_y_channel: True
      ]
      ssim:[
        type: calculate_ssim
        crop_border: 2
        test_y_channel: True
      ]
    ]
  ]
  logger:[
    print_freq: 100
    save_checkpoint_freq: 5000.0
    use_tb_logger: True
    wandb:[
      project: None
      resume_id: None
    ]
  ]
  dist_params:[
    backend: nccl
    port: 29500
  ]
  dist: False
  rank: 0
  world_size: 1
  auto_resume: True
  is_train: True
  root_path: /share3/home/renzihao

2023-11-08 15:52:07,889 INFO: Dataset [PairedImageDataset] - DIV2K is built.
2023-11-08 15:52:07,890 INFO: Training statistics:
	Number of train images: 32592
	Dataset enlarge ratio: 1
	Batch size per gpu: 10
	World size (gpu number): 1
	Require iter number per epoch: 3260
	Total epochs: 307; iters: 1000000.
2023-11-08 15:52:07,891 INFO: Dataset [PairedImageDataset] - Set5 is built.
2023-11-08 15:52:07,891 INFO: Number of val images/folders in Set5: 5
2023-11-08 15:52:07,892 INFO: Dataset [PairedImageDataset] - Set14 is built.
2023-11-08 15:52:07,893 INFO: Number of val images/folders in Set14: 14
2023-11-08 15:52:07,898 INFO: Dataset [PairedImageDataset] - BSD100 is built.
2023-11-08 15:52:07,898 INFO: Number of val images/folders in BSD100: 100
2023-11-08 15:52:07,903 INFO: Dataset [PairedImageDataset] - Urban100 is built.
2023-11-08 15:52:07,903 INFO: Number of val images/folders in Urban100: 100
2023-11-08 15:52:07,909 INFO: Dataset [PairedImageDataset] - Manga109 is built.
2023-11-08 15:52:07,909 INFO: Number of val images/folders in Manga109: 109
2023-11-08 15:52:09,460 INFO: Network: SwinIR, with parameters: 10,867,967
2023-11-08 15:52:09,461 INFO: SwinIR(
  (conv_first): Conv2d(3, 180, kernel_size=(3, 3), stride=(1, 1), padding=(1, 1))
  (patch_embed): PatchEmbed(
    (norm): LayerNorm((180,), eps=1e-05, elementwise_affine=True)
  )
  (patch_unembed): PatchUnEmbed()
  (pos_drop): Dropout(p=0.0, inplace=False)
  (layers): ModuleList(
    (0): RSTB(
      (residual_group): BasicLayer(
        (blocks): ModuleList(
          (0): SwinTransformerBlock(
            (norm1): LayerNorm((180,), eps=1e-05, elementwise_affine=True)
            (attn): WindowAttentionWithCNN(
              (msa): WindowAttention(
                (qkv): Linear(in_features=90, out_features=270, bias=True)
                (attn_drop): Dropout(p=0.0, inplace=False)
                (proj): Linear(in_features=90, out_features=90, bias=True)
                (proj_drop): Dropout(p=0.0, inplace=False)
                (softmax): Softmax(dim=-1)
              )
              (cnn): Conv2d(90, 90, kernel_size=(3, 3), stride=(1, 1), padding=(1, 1))
            )
            (drop_path): Identity()
            (norm2): LayerNorm((180,), eps=1e-05, elementwise_affine=True)
            (mlp): Mlp(
              (fc1): Linear(in_features=180, out_features=360, bias=True)
              (act): GELU(approximate='none')
              (fc2): Linear(in_features=360, out_features=180, bias=True)
              (drop): Dropout(p=0.0, inplace=False)
            )
          )
          (1-5): 5 x SwinTransformerBlock(
            (norm1): LayerNorm((180,), eps=1e-05, elementwise_affine=True)
            (attn): WindowAttentionWithCNN(
              (msa): WindowAttention(
                (qkv): Linear(in_features=90, out_features=270, bias=True)
                (attn_drop): Dropout(p=0.0, inplace=False)
                (proj): Linear(in_features=90, out_features=90, bias=True)
                (proj_drop): Dropout(p=0.0, inplace=False)
                (softmax): Softmax(dim=-1)
              )
              (cnn): Conv2d(90, 90, kernel_size=(3, 3), stride=(1, 1), padding=(1, 1))
            )
            (drop_path): DropPath()
            (norm2): LayerNorm((180,), eps=1e-05, elementwise_affine=True)
            (mlp): Mlp(
              (fc1): Linear(in_features=180, out_features=360, bias=True)
              (act): GELU(approximate='none')
              (fc2): Linear(in_features=360, out_features=180, bias=True)
              (drop): Dropout(p=0.0, inplace=False)
            )
          )
        )
      )
      (conv): Conv2d(180, 180, kernel_size=(3, 3), stride=(1, 1), padding=(1, 1))
      (patch_embed): PatchEmbed()
      (patch_unembed): PatchUnEmbed()
    )
    (1-5): 5 x RSTB(
      (residual_group): BasicLayer(
        (blocks): ModuleList(
          (0-5): 6 x SwinTransformerBlock(
            (norm1): LayerNorm((180,), eps=1e-05, elementwise_affine=True)
            (attn): WindowAttentionWithCNN(
              (msa): WindowAttention(
                (qkv): Linear(in_features=90, out_features=270, bias=True)
                (attn_drop): Dropout(p=0.0, inplace=False)
                (proj): Linear(in_features=90, out_features=90, bias=True)
                (proj_drop): Dropout(p=0.0, inplace=False)
                (softmax): Softmax(dim=-1)
              )
              (cnn): Conv2d(90, 90, kernel_size=(3, 3), stride=(1, 1), padding=(1, 1))
            )
            (drop_path): DropPath()
            (norm2): LayerNorm((180,), eps=1e-05, elementwise_affine=True)
            (mlp): Mlp(
              (fc1): Linear(in_features=180, out_features=360, bias=True)
              (act): GELU(approximate='none')
              (fc2): Linear(in_features=360, out_features=180, bias=True)
              (drop): Dropout(p=0.0, inplace=False)
            )
          )
        )
      )
      (conv): Conv2d(180, 180, kernel_size=(3, 3), stride=(1, 1), padding=(1, 1))
      (patch_embed): PatchEmbed()
      (patch_unembed): PatchUnEmbed()
    )
  )
  (norm): LayerNorm((180,), eps=1e-05, elementwise_affine=True)
  (conv_after_body): Conv2d(180, 180, kernel_size=(3, 3), stride=(1, 1), padding=(1, 1))
  (conv_before_upsample): Sequential(
    (0): Conv2d(180, 64, kernel_size=(3, 3), stride=(1, 1), padding=(1, 1))
    (1): LeakyReLU(negative_slope=0.01, inplace=True)
  )
  (upsample): Upsample(
    (0): Conv2d(64, 256, kernel_size=(3, 3), stride=(1, 1), padding=(1, 1))
    (1): PixelShuffle(upscale_factor=2)
  )
  (conv_last): Conv2d(64, 3, kernel_size=(3, 3), stride=(1, 1), padding=(1, 1))
)
2023-11-08 15:52:11,284 INFO: Loading SwinIR model from /share3/home/renzihao/Pipeline/experiments/Doing/011_SwinIR_Split_MSA+CNN_DIV2K_P48W8_LR2e-4Cos_B8G1_2080ti/weights/net_g_90000.pth, with param key: [params].
2023-11-08 15:52:11,566 INFO: Use Exponential Moving Average with decay: 0.999
2023-11-08 15:52:11,726 INFO: Loading SwinIR model from /share3/home/renzihao/Pipeline/experiments/Doing/011_SwinIR_Split_MSA+CNN_DIV2K_P48W8_LR2e-4Cos_B8G1_2080ti/weights/net_g_90000.pth, with param key: [params_ema].
2023-11-08 15:52:11,851 INFO: Loss [CharbonnierLossColor] is created.
2023-11-08 15:52:11,863 INFO: Model [SwinIRModel] is created.
2023-11-08 15:52:12,032 INFO: Resuming training from epoch: 55, iter: 90000.
2023-11-08 15:52:12,494 INFO: Start training from epoch: 55, iter: 90000
2023-11-08 15:52:56,367 INFO: [Class..][epoch: 55, iter:  90,100, lr:(1.802e-04,)] [eta: 4 days, 14:56:38, time (data): 0.439 (0.012)] l_pix: 1.3149e-02 
2023-11-08 15:53:35,623 INFO: [Class..][epoch: 55, iter:  90,200, lr:(1.804e-04,)] [eta: 4 days, 9:05:58, time (data): 0.416 (0.007)] l_pix: 1.6267e-02 
2023-11-08 15:54:15,324 INFO: [Class..][epoch: 55, iter:  90,300, lr:(1.806e-04,)] [eta: 4 days, 7:30:15, time (data): 0.397 (0.003)] l_pix: 1.2755e-02 
2023-11-08 15:54:54,864 INFO: [Class..][epoch: 55, iter:  90,400, lr:(1.808e-04,)] [eta: 4 days, 6:35:54, time (data): 0.396 (0.003)] l_pix: 7.1790e-03 
2023-11-08 15:55:34,674 INFO: [Class..][epoch: 55, iter:  90,500, lr:(1.810e-04,)] [eta: 4 days, 6:11:07, time (data): 0.398 (0.003)] l_pix: 2.1172e-02 
2023-11-08 15:56:15,021 INFO: [Class..][epoch: 55, iter:  90,600, lr:(1.812e-04,)] [eta: 4 days, 6:07:56, time (data): 0.401 (0.003)] l_pix: 1.0931e-02 
2023-11-08 15:56:54,423 INFO: [Class..][epoch: 55, iter:  90,700, lr:(1.814e-04,)] [eta: 4 days, 5:44:57, time (data): 0.394 (0.002)] l_pix: 1.1674e-02 
2023-11-08 15:57:34,606 INFO: [Class..][epoch: 55, iter:  90,800, lr:(1.816e-04,)] [eta: 4 days, 5:42:26, time (data): 0.398 (0.003)] l_pix: 1.2630e-02 
2023-11-08 15:58:13,989 INFO: [Class..][epoch: 55, iter:  90,900, lr:(1.818e-04,)] [eta: 4 days, 5:26:50, time (data): 0.394 (0.002)] l_pix: 1.2256e-02 
2023-11-08 15:58:53,268 INFO: [Class..][epoch: 55, iter:  91,000, lr:(1.820e-04,)] [eta: 4 days, 5:12:38, time (data): 0.393 (0.002)] l_pix: 7.0110e-03 
2023-11-08 15:59:32,514 INFO: [Class..][epoch: 55, iter:  91,100, lr:(1.822e-04,)] [eta: 4 days, 5:00:26, time (data): 0.392 (0.002)] l_pix: 1.1307e-02 
2023-11-08 16:00:11,991 INFO: [Class..][epoch: 55, iter:  91,200, lr:(1.824e-04,)] [eta: 4 days, 4:53:05, time (data): 0.393 (0.002)] l_pix: 1.7668e-02 
2023-11-08 16:00:51,572 INFO: [Class..][epoch: 55, iter:  91,300, lr:(1.826e-04,)] [eta: 4 days, 4:47:58, time (data): 0.396 (0.002)] l_pix: 6.1260e-03 
2023-11-08 16:01:29,553 INFO: [Class..][epoch: 55, iter:  91,400, lr:(1.828e-04,)] [eta: 4 days, 4:26:12, time (data): 0.387 (0.002)] l_pix: 1.3412e-02 
2023-11-08 16:02:07,892 INFO: [Class..][epoch: 55, iter:  91,500, lr:(1.830e-04,)] [eta: 4 days, 4:10:51, time (data): 0.384 (0.002)] l_pix: 9.5944e-03 
2023-11-08 16:02:47,914 INFO: [Class..][epoch: 55, iter:  91,600, lr:(1.832e-04,)] [eta: 4 days, 4:13:15, time (data): 0.392 (0.002)] l_pix: 1.0561e-02 
2023-11-08 16:03:27,758 INFO: [Class..][epoch: 55, iter:  91,700, lr:(1.834e-04,)] [eta: 4 days, 4:13:43, time (data): 0.395 (0.002)] l_pix: 2.0819e-02 
2023-11-08 16:04:07,153 INFO: [Class..][epoch: 55, iter:  91,800, lr:(1.836e-04,)] [eta: 4 days, 4:10:16, time (data): 0.394 (0.002)] l_pix: 1.1996e-02 
2023-11-08 16:04:46,928 INFO: [Class..][epoch: 55, iter:  91,900, lr:(1.838e-04,)] [eta: 4 days, 4:10:09, time (data): 0.397 (0.002)] l_pix: 1.6321e-02 
2023-11-08 16:05:26,719 INFO: [Class..][epoch: 55, iter:  92,000, lr:(1.840e-04,)] [eta: 4 days, 4:10:06, time (data): 0.398 (0.002)] l_pix: 2.0012e-02 
2023-11-08 16:06:06,611 INFO: [Class..][epoch: 55, iter:  92,100, lr:(1.842e-04,)] [eta: 4 days, 4:10:43, time (data): 0.399 (0.002)] l_pix: 1.5553e-02 
2023-11-08 16:06:46,539 INFO: [Class..][epoch: 55, iter:  92,200, lr:(1.844e-04,)] [eta: 4 days, 4:11:28, time (data): 0.399 (0.002)] l_pix: 9.2987e-03 
2023-11-08 16:07:26,564 INFO: [Class..][epoch: 55, iter:  92,300, lr:(1.846e-04,)] [eta: 4 days, 4:12:44, time (data): 0.401 (0.002)] l_pix: 1.1320e-02 
2023-11-08 16:08:05,944 INFO: [Class..][epoch: 55, iter:  92,400, lr:(1.848e-04,)] [eta: 4 days, 4:09:46, time (data): 0.397 (0.002)] l_pix: 1.5379e-02 
2023-11-08 16:08:45,689 INFO: [Class..][epoch: 55, iter:  92,500, lr:(1.850e-04,)] [eta: 4 days, 4:09:12, time (data): 0.396 (0.002)] l_pix: 2.1138e-02 
2023-11-08 16:09:24,383 INFO: [Class..][epoch: 55, iter:  92,600, lr:(1.852e-04,)] [eta: 4 days, 4:02:31, time (data): 0.391 (0.002)] l_pix: 1.0564e-02 
2023-11-08 16:10:04,418 INFO: [Class..][epoch: 55, iter:  92,700, lr:(1.854e-04,)] [eta: 4 days, 4:03:47, time (data): 0.400 (0.002)] l_pix: 1.5590e-02 
2023-11-08 16:10:43,687 INFO: [Class..][epoch: 55, iter:  92,800, lr:(1.856e-04,)] [eta: 4 days, 4:00:47, time (data): 0.396 (0.002)] l_pix: 9.1415e-03 
2023-11-08 16:11:23,868 INFO: [Class..][epoch: 55, iter:  92,900, lr:(1.858e-04,)] [eta: 4 days, 4:02:41, time (data): 0.403 (0.003)] l_pix: 1.1139e-02 
2023-11-08 16:12:03,345 INFO: [Class..][epoch: 55, iter:  93,000, lr:(1.860e-04,)] [eta: 4 days, 4:00:53, time (data): 0.398 (0.002)] l_pix: 1.5885e-02 
2023-11-08 16:12:43,252 INFO: [Class..][epoch: 55, iter:  93,100, lr:(1.862e-04,)] [eta: 4 days, 4:01:14, time (data): 0.402 (0.002)] l_pix: 1.2872e-02 
2023-11-08 16:13:23,127 INFO: [Class..][epoch: 55, iter:  93,200, lr:(1.864e-04,)] [eta: 4 days, 4:01:23, time (data): 0.400 (0.002)] l_pix: 1.1639e-02 
2023-11-08 16:14:04,173 INFO: [Class..][epoch: 56, iter:  93,300, lr:(1.866e-04,)] [eta: 4 days, 4:06:50, time (data): 0.414 (0.019)] l_pix: 1.0378e-02 
2023-11-08 16:14:43,617 INFO: [Class..][epoch: 56, iter:  93,400, lr:(1.868e-04,)] [eta: 4 days, 4:04:49, time (data): 0.403 (0.010)] l_pix: 1.1484e-02 
2023-11-08 16:15:22,922 INFO: [Class..][epoch: 56, iter:  93,500, lr:(1.870e-04,)] [eta: 4 days, 4:02:17, time (data): 0.391 (0.002)] l_pix: 1.6803e-02 
2023-11-08 16:16:02,815 INFO: [Class..][epoch: 56, iter:  93,600, lr:(1.872e-04,)] [eta: 4 days, 4:02:18, time (data): 0.395 (0.002)] l_pix: 1.5628e-02 
2023-11-08 16:16:41,893 INFO: [Class..][epoch: 56, iter:  93,700, lr:(1.874e-04,)] [eta: 4 days, 3:58:58, time (data): 0.393 (0.002)] l_pix: 1.1464e-02 
2023-11-08 16:17:21,291 INFO: [Class..][epoch: 56, iter:  93,800, lr:(1.876e-04,)] [eta: 4 days, 3:57:03, time (data): 0.393 (0.002)] l_pix: 1.7750e-02 
2023-11-08 16:18:00,269 INFO: [Class..][epoch: 56, iter:  93,900, lr:(1.878e-04,)] [eta: 4 days, 3:53:34, time (data): 0.389 (0.002)] l_pix: 1.0404e-02 
2023-11-08 16:18:39,808 INFO: [Class..][epoch: 56, iter:  94,000, lr:(1.880e-04,)] [eta: 4 days, 3:52:20, time (data): 0.393 (0.002)] l_pix: 1.2148e-02 
2023-11-08 16:19:19,500 INFO: [Class..][epoch: 56, iter:  94,100, lr:(1.882e-04,)] [eta: 4 days, 3:51:42, time (data): 0.396 (0.002)] l_pix: 1.7059e-02 
2023-11-08 16:19:59,438 INFO: [Class..][epoch: 56, iter:  94,200, lr:(1.884e-04,)] [eta: 4 days, 3:51:57, time (data): 0.398 (0.002)] l_pix: 1.1147e-02 
2023-11-08 16:20:39,562 INFO: [Class..][epoch: 56, iter:  94,300, lr:(1.886e-04,)] [eta: 4 days, 3:52:49, time (data): 0.401 (0.003)] l_pix: 1.1710e-02 
2023-11-08 16:21:19,105 INFO: [Class..][epoch: 56, iter:  94,400, lr:(1.888e-04,)] [eta: 4 days, 3:51:37, time (data): 0.398 (0.002)] l_pix: 2.2837e-02 
2023-11-08 16:21:58,201 INFO: [Class..][epoch: 56, iter:  94,500, lr:(1.890e-04,)] [eta: 4 days, 3:48:56, time (data): 0.390 (0.002)] l_pix: 6.6006e-03 
2023-11-08 16:22:38,335 INFO: [Class..][epoch: 56, iter:  94,600, lr:(1.892e-04,)] [eta: 4 days, 3:49:45, time (data): 0.397 (0.002)] l_pix: 1.3997e-02 
2023-11-08 16:23:17,797 INFO: [Class..][epoch: 56, iter:  94,700, lr:(1.894e-04,)] [eta: 4 days, 3:48:21, time (data): 0.396 (0.002)] l_pix: 5.9244e-03 
2023-11-08 16:23:56,995 INFO: [Class..][epoch: 56, iter:  94,800, lr:(1.896e-04,)] [eta: 4 days, 3:46:08, time (data): 0.394 (0.002)] l_pix: 1.0041e-02 
2023-11-08 16:24:36,547 INFO: [Class..][epoch: 56, iter:  94,900, lr:(1.898e-04,)] [eta: 4 days, 3:45:05, time (data): 0.394 (0.002)] l_pix: 2.2924e-02 
2023-11-08 16:25:16,026 INFO: [Class..][epoch: 56, iter:  95,000, lr:(1.900e-04,)] [eta: 4 days, 3:43:50, time (data): 0.394 (0.002)] l_pix: 1.9682e-02 
2023-11-08 16:25:16,027 INFO: Saving models and training states.
2023-11-08 16:25:17,504 WARNING: Multiple validation datasets are *only* supported by SRModel.
2023-11-08 16:25:26,678 INFO: Validation Set5
	 # psnr: 38.0106	Best: 38.0106 @ 95000 iter
	 # ssim: 0.9612	Best: 0.9612 @ 95000 iter

2023-11-08 16:25:54,172 INFO: Validation Set14
	 # psnr: 33.6751	Best: 33.6751 @ 95000 iter
	 # ssim: 0.9185	Best: 0.9185 @ 95000 iter

2023-11-08 16:28:55,222 INFO: Validation BSD100
	 # psnr: 32.2368	Best: 32.2368 @ 95000 iter
	 # ssim: 0.9011	Best: 0.9011 @ 95000 iter

2023-11-08 16:38:57,136 INFO: Validation Urban100
	 # psnr: 32.2366	Best: 32.2366 @ 95000 iter
	 # ssim: 0.9294	Best: 0.9294 @ 95000 iter

2023-11-08 16:53:57,638 INFO: Validation Manga109
	 # psnr: 38.7728	Best: 38.7728 @ 95000 iter
	 # ssim: 0.9775	Best: 0.9775 @ 95000 iter

