2023-11-15 22:03:50,582 INFO: 
     ______                   __   __                 __      __
    / ____/____   ____   ____/ /  / /   __  __ _____ / /__   / /
   / / __ / __ \ / __ \ / __  /  / /   / / / // ___// //_/  / /
  / /_/ // /_/ // /_/ // /_/ /  / /___/ /_/ // /__ / /<    /_/
  \____/ \____/ \____/ \____/  /_____/\____/ \___//_/|_|  (_)
    
Version Information: 
	PyTorch: 2.0.1
	TorchVision: 0.15.2
2023-11-15 22:03:50,582 INFO: 
  name: ClassicalX2_013_Pretrained_SwinIR_ConvScale0.01_dwconvs+KV_MSA+(CAB_dwconv)_ConvFFN_DIV2K_P48W8_LR2e-4_B6G1_2080ti_cos
  model_type: SwinIRModel
  scale: 2
  num_gpu: 1
  manual_seed: 3407
  datasets:[
    train:[
      name: DIV2K
      type: PairedImageDataset
      dataroot_gt: datasets/DIV2K/DIV2K_train_HR_sub
      dataroot_lq: datasets/DIV2K/DIV2K_train_LR_bicubic/X2_sub
      meta_info_file: data/meta_info/meta_info_DIV2K800sub_GT.txt
      filename_tmpl: {}
      io_backend:[
        type: disk
      ]
      gt_size: 96
      use_hflip: True
      use_rot: True
      num_worker_per_gpu: 8
      batch_size_per_gpu: 6
      dataset_enlarge_ratio: 1
      prefetch_mode: None
      phase: train
      scale: 2
    ]
    val_1:[
      name: Set5
      type: PairedImageDataset
      dataroot_gt: datasets/Set5/GTmod12
      dataroot_lq: datasets/Set5/LRbicx2
      io_backend:[
        type: disk
      ]
      phase: val
      scale: 2
    ]
    val_2:[
      name: Set14
      type: PairedImageDataset
      dataroot_gt: datasets/Set14/GTmod12
      dataroot_lq: datasets/Set14/LRbicx2
      io_backend:[
        type: disk
      ]
      phase: val
      scale: 2
    ]
    val_3:[
      name: BSD100
      type: PairedImageDataset
      dataroot_gt: ./datasets/BSDS100/GTmod12
      dataroot_lq: ./datasets/BSDS100/LRbicx2
      io_backend:[
        type: disk
      ]
      phase: val
      scale: 2
    ]
    val_4:[
      name: Urban100
      type: PairedImageDataset
      dataroot_gt: ./datasets/urban100/GTmod12
      dataroot_lq: ./datasets/urban100/LRbicx2
      io_backend:[
        type: disk
      ]
      phase: val
      scale: 2
    ]
    val_5:[
      name: Manga109
      type: PairedImageDataset
      dataroot_gt: ./datasets/manga109/GTmod12
      dataroot_lq: ./datasets/manga109/LRbicx2
      io_backend:[
        type: disk
      ]
      phase: val
      scale: 2
    ]
  ]
  network_g:[
    type: SwinIR_Modified
    upscale: 2
    in_chans: 3
    img_size: 48
    window_size: 8
    img_range: 1.0
    depths: [6, 6, 6, 6, 6, 6]
    embed_dim: 180
    num_heads: [6, 6, 6, 6, 6, 6]
    mlp_ratio: 2
    conv_scale: 0.01
    upsampler: pixelshuffle
    resi_connection: 1conv
  ]
  path:[
    pretrain_network_g: /share3/home/renzihao/Pipeline/experiments/Doing/013_Pretrained_SwinIR_ConvScale0.01_dwconvs+KV_MSA+(CAB_dwconv)_ConvFFN_DIV2K_P48W8_LR2e-4_B6G1_2080ti_cos/weights/net_g_90000.pth
    strict_load_g: False
    resume_state: /share3/home/renzihao/Pipeline/experiments/Doing/013_Pretrained_SwinIR_ConvScale0.01_dwconvs+KV_MSA+(CAB_dwconv)_ConvFFN_DIV2K_P48W8_LR2e-4_B6G1_2080ti_cos/training_states/90000.state
    experiments_root: /share3/home/renzihao/Pipeline/experiments/Doing/013_Pretrained_SwinIR_ConvScale0.01_dwconvs+KV_MSA+(CAB_dwconv)_ConvFFN_DIV2K_P48W8_LR2e-4_B6G1_2080ti_cos
    models: /share3/home/renzihao/Pipeline/experiments/Doing/013_Pretrained_SwinIR_ConvScale0.01_dwconvs+KV_MSA+(CAB_dwconv)_ConvFFN_DIV2K_P48W8_LR2e-4_B6G1_2080ti_cos/weights
    training_states: /share3/home/renzihao/Pipeline/experiments/Doing/013_Pretrained_SwinIR_ConvScale0.01_dwconvs+KV_MSA+(CAB_dwconv)_ConvFFN_DIV2K_P48W8_LR2e-4_B6G1_2080ti_cos/training_states
    log: /share3/home/renzihao/Pipeline/experiments/Doing/013_Pretrained_SwinIR_ConvScale0.01_dwconvs+KV_MSA+(CAB_dwconv)_ConvFFN_DIV2K_P48W8_LR2e-4_B6G1_2080ti_cos
    visualization: /share3/home/renzihao/Pipeline/experiments/Doing/013_Pretrained_SwinIR_ConvScale0.01_dwconvs+KV_MSA+(CAB_dwconv)_ConvFFN_DIV2K_P48W8_LR2e-4_B6G1_2080ti_cos/visualization
    tb_logger: /share3/home/renzihao/Pipeline/experiments/Doing/013_Pretrained_SwinIR_ConvScale0.01_dwconvs+KV_MSA+(CAB_dwconv)_ConvFFN_DIV2K_P48W8_LR2e-4_B6G1_2080ti_cos/tb_logger
  ]
  train:[
    ema_decay: 0.999
    optim_g:[
      type: Adam
      lr: 0.001
      weight_decay: 0
      betas: [0.9, 0.99]
    ]
    scheduler:[
      type: CosineAnnealingRestartLR
      periods: [100000, 100000, 100000, 100000, 100000]
      restart_weights: [1, 0.5, 0.5, 0.5, 0.25]
    ]
    total_iter: 500000
    warmup_iter: -1
    pixel_opt:[
      type: L1Loss
      loss_weight: 1.0
      reduction: mean
    ]
  ]
  val:[
    val_freq: 10000.0
    save_img: False
    metrics:[
      psnr:[
        type: calculate_psnr
        crop_border: 2
        test_y_channel: True
      ]
      ssim:[
        type: calculate_ssim
        crop_border: 2
        test_y_channel: True
      ]
    ]
  ]
  logger:[
    print_freq: 100
    save_checkpoint_freq: 10000.0
    use_tb_logger: True
    wandb:[
      project: None
      resume_id: None
    ]
  ]
  dist_params:[
    backend: nccl
    port: 29500
  ]
  dist: False
  rank: 0
  world_size: 1
  auto_resume: True
  is_train: True
  root_path: /share3/home/renzihao

2023-11-15 22:05:18,582 INFO: Dataset [PairedImageDataset] - DIV2K is built.
2023-11-15 22:05:18,583 INFO: Training statistics:
	Number of train images: 32592
	Dataset enlarge ratio: 1
	Batch size per gpu: 6
	World size (gpu number): 1
	Require iter number per epoch: 5432
	Total epochs: 93; iters: 500000.
2023-11-15 22:05:18,585 INFO: Dataset [PairedImageDataset] - Set5 is built.
2023-11-15 22:05:18,585 INFO: Number of val images/folders in Set5: 5
2023-11-15 22:05:18,587 INFO: Dataset [PairedImageDataset] - Set14 is built.
2023-11-15 22:05:18,587 INFO: Number of val images/folders in Set14: 14
2023-11-15 22:05:18,593 INFO: Dataset [PairedImageDataset] - BSD100 is built.
2023-11-15 22:05:18,593 INFO: Number of val images/folders in BSD100: 100
2023-11-15 22:05:18,599 INFO: Dataset [PairedImageDataset] - Urban100 is built.
2023-11-15 22:05:18,599 INFO: Number of val images/folders in Urban100: 100
2023-11-15 22:05:18,606 INFO: Dataset [PairedImageDataset] - Manga109 is built.
2023-11-15 22:05:18,606 INFO: Number of val images/folders in Manga109: 109
2023-11-15 22:05:30,041 INFO: Network: SwinIR_Modified, with parameters: 12,267,593
2023-11-15 22:05:30,041 INFO: SwinIR_Modified(
  (conv_first): Conv2d(3, 180, kernel_size=(3, 3), stride=(1, 1), padding=(1, 1))
  (edge_ex): EdgeExtraction(
    (hpf): Sobel(
      (conv_sobel_x): Conv2d(3, 3, kernel_size=(3, 3), stride=(1, 1), padding=(1, 1), groups=3, bias=False)
      (conv_sobel_y): Conv2d(3, 3, kernel_size=(3, 3), stride=(1, 1), padding=(1, 1), groups=3, bias=False)
    )
    (conv): Conv2d(3, 180, kernel_size=(3, 3), stride=(1, 1), padding=(1, 1))
  )
  (patch_embed): PatchEmbed(
    (norm): LayerNorm((180,), eps=1e-05, elementwise_affine=True)
  )
  (patch_unembed): PatchUnEmbed()
  (pos_drop): Dropout(p=0.0, inplace=False)
  (layers): ModuleList(
    (0): RSTB(
      (residual_group): BasicLayer(
        dim=180, input_resolution=(48, 48), depth=6
        (blocks): ModuleList(
          (0): SwinTransformerBlock(
            dim=180, input_resolution=(48, 48), num_heads=6, window_size=8, shift_size=0, mlp_ratio=2
            (norm1): LayerNorm((180,), eps=1e-05, elementwise_affine=True)
            (attn): WindowAttention(
              dim=180, window_size=(8, 8), num_heads=6
              (q): Linear(in_features=180, out_features=180, bias=True)
              (kv): Linear(in_features=180, out_features=360, bias=True)
              (attn_drop): Dropout(p=0.0, inplace=False)
              (proj): Linear(in_features=180, out_features=180, bias=True)
              (proj_drop): Dropout(p=0.0, inplace=False)
              (softmax): Softmax(dim=-1)
            )
            (conv_scale): LearnableScale()
            (conv_block): CAB(
              (cab): Sequential(
                (0): Conv2d(180, 60, kernel_size=(3, 3), stride=(1, 1), padding=(1, 1), groups=60)
                (1): GELU(approximate='none')
                (2): Conv2d(60, 180, kernel_size=(3, 3), stride=(1, 1), padding=(1, 1), groups=60)
                (3): ChannelAttention(
                  (attention): Sequential(
                    (0): AdaptiveAvgPool2d(output_size=1)
                    (1): Conv2d(180, 6, kernel_size=(1, 1), stride=(1, 1), groups=6)
                    (2): ReLU(inplace=True)
                    (3): Conv2d(6, 180, kernel_size=(1, 1), stride=(1, 1), groups=6)
                    (4): Sigmoid()
                  )
                )
              )
            )
            (drop_path): Identity()
            (norm2): LayerNorm((180,), eps=1e-05, elementwise_affine=True)
            (mlp): Mlp(
              (fc1): Linear(in_features=180, out_features=360, bias=True)
              (act): GELU(approximate='none')
              (dwconv): dwconv(
                (depthwise_conv): Sequential(
                  (0): Conv2d(360, 360, kernel_size=(5, 5), stride=(1, 1), padding=(2, 2), groups=360)
                  (1): GELU(approximate='none')
                )
              )
              (fc2): Linear(in_features=360, out_features=180, bias=True)
              (drop): Dropout(p=0.0, inplace=False)
            )
          )
          (1): SwinTransformerBlock(
            dim=180, input_resolution=(48, 48), num_heads=6, window_size=8, shift_size=4, mlp_ratio=2
            (norm1): LayerNorm((180,), eps=1e-05, elementwise_affine=True)
            (attn): WindowAttention(
              dim=180, window_size=(8, 8), num_heads=6
              (q): Linear(in_features=180, out_features=180, bias=True)
              (kv): Linear(in_features=180, out_features=360, bias=True)
              (attn_drop): Dropout(p=0.0, inplace=False)
              (proj): Linear(in_features=180, out_features=180, bias=True)
              (proj_drop): Dropout(p=0.0, inplace=False)
              (softmax): Softmax(dim=-1)
            )
            (conv_scale): LearnableScale()
            (conv_block): CAB(
              (cab): Sequential(
                (0): Conv2d(180, 60, kernel_size=(3, 3), stride=(1, 1), padding=(1, 1), groups=60)
                (1): GELU(approximate='none')
                (2): Conv2d(60, 180, kernel_size=(3, 3), stride=(1, 1), padding=(1, 1), groups=60)
                (3): ChannelAttention(
                  (attention): Sequential(
                    (0): AdaptiveAvgPool2d(output_size=1)
                    (1): Conv2d(180, 6, kernel_size=(1, 1), stride=(1, 1), groups=6)
                    (2): ReLU(inplace=True)
                    (3): Conv2d(6, 180, kernel_size=(1, 1), stride=(1, 1), groups=6)
                    (4): Sigmoid()
                  )
                )
              )
            )
            (drop_path): DropPath()
            (norm2): LayerNorm((180,), eps=1e-05, elementwise_affine=True)
            (mlp): Mlp(
              (fc1): Linear(in_features=180, out_features=360, bias=True)
              (act): GELU(approximate='none')
              (dwconv): dwconv(
                (depthwise_conv): Sequential(
                  (0): Conv2d(360, 360, kernel_size=(5, 5), stride=(1, 1), padding=(2, 2), groups=360)
                  (1): GELU(approximate='none')
                )
              )
              (fc2): Linear(in_features=360, out_features=180, bias=True)
              (drop): Dropout(p=0.0, inplace=False)
            )
          )
          (2): SwinTransformerBlock(
            dim=180, input_resolution=(48, 48), num_heads=6, window_size=8, shift_size=0, mlp_ratio=2
            (norm1): LayerNorm((180,), eps=1e-05, elementwise_affine=True)
            (attn): WindowAttention(
              dim=180, window_size=(8, 8), num_heads=6
              (q): Linear(in_features=180, out_features=180, bias=True)
              (kv): Linear(in_features=180, out_features=360, bias=True)
              (attn_drop): Dropout(p=0.0, inplace=False)
              (proj): Linear(in_features=180, out_features=180, bias=True)
              (proj_drop): Dropout(p=0.0, inplace=False)
              (softmax): Softmax(dim=-1)
            )
            (conv_scale): LearnableScale()
            (conv_block): CAB(
              (cab): Sequential(
                (0): Conv2d(180, 60, kernel_size=(3, 3), stride=(1, 1), padding=(1, 1), groups=60)
                (1): GELU(approximate='none')
                (2): Conv2d(60, 180, kernel_size=(3, 3), stride=(1, 1), padding=(1, 1), groups=60)
                (3): ChannelAttention(
                  (attention): Sequential(
                    (0): AdaptiveAvgPool2d(output_size=1)
                    (1): Conv2d(180, 6, kernel_size=(1, 1), stride=(1, 1), groups=6)
                    (2): ReLU(inplace=True)
                    (3): Conv2d(6, 180, kernel_size=(1, 1), stride=(1, 1), groups=6)
                    (4): Sigmoid()
                  )
                )
              )
            )
            (drop_path): DropPath()
            (norm2): LayerNorm((180,), eps=1e-05, elementwise_affine=True)
            (mlp): Mlp(
              (fc1): Linear(in_features=180, out_features=360, bias=True)
              (act): GELU(approximate='none')
              (dwconv): dwconv(
                (depthwise_conv): Sequential(
                  (0): Conv2d(360, 360, kernel_size=(5, 5), stride=(1, 1), padding=(2, 2), groups=360)
                  (1): GELU(approximate='none')
                )
              )
              (fc2): Linear(in_features=360, out_features=180, bias=True)
              (drop): Dropout(p=0.0, inplace=False)
            )
          )
          (3): SwinTransformerBlock(
            dim=180, input_resolution=(48, 48), num_heads=6, window_size=8, shift_size=4, mlp_ratio=2
            (norm1): LayerNorm((180,), eps=1e-05, elementwise_affine=True)
            (attn): WindowAttention(
              dim=180, window_size=(8, 8), num_heads=6
              (q): Linear(in_features=180, out_features=180, bias=True)
              (kv): Linear(in_features=180, out_features=360, bias=True)
              (attn_drop): Dropout(p=0.0, inplace=False)
              (proj): Linear(in_features=180, out_features=180, bias=True)
              (proj_drop): Dropout(p=0.0, inplace=False)
              (softmax): Softmax(dim=-1)
            )
            (conv_scale): LearnableScale()
            (conv_block): CAB(
              (cab): Sequential(
                (0): Conv2d(180, 60, kernel_size=(3, 3), stride=(1, 1), padding=(1, 1), groups=60)
                (1): GELU(approximate='none')
                (2): Conv2d(60, 180, kernel_size=(3, 3), stride=(1, 1), padding=(1, 1), groups=60)
                (3): ChannelAttention(
                  (attention): Sequential(
                    (0): AdaptiveAvgPool2d(output_size=1)
                    (1): Conv2d(180, 6, kernel_size=(1, 1), stride=(1, 1), groups=6)
                    (2): ReLU(inplace=True)
                    (3): Conv2d(6, 180, kernel_size=(1, 1), stride=(1, 1), groups=6)
                    (4): Sigmoid()
                  )
                )
              )
            )
            (drop_path): DropPath()
            (norm2): LayerNorm((180,), eps=1e-05, elementwise_affine=True)
            (mlp): Mlp(
              (fc1): Linear(in_features=180, out_features=360, bias=True)
              (act): GELU(approximate='none')
              (dwconv): dwconv(
                (depthwise_conv): Sequential(
                  (0): Conv2d(360, 360, kernel_size=(5, 5), stride=(1, 1), padding=(2, 2), groups=360)
                  (1): GELU(approximate='none')
                )
              )
              (fc2): Linear(in_features=360, out_features=180, bias=True)
              (drop): Dropout(p=0.0, inplace=False)
            )
          )
          (4): SwinTransformerBlock(
            dim=180, input_resolution=(48, 48), num_heads=6, window_size=8, shift_size=0, mlp_ratio=2
            (norm1): LayerNorm((180,), eps=1e-05, elementwise_affine=True)
            (attn): WindowAttention(
              dim=180, window_size=(8, 8), num_heads=6
              (q): Linear(in_features=180, out_features=180, bias=True)
              (kv): Linear(in_features=180, out_features=360, bias=True)
              (attn_drop): Dropout(p=0.0, inplace=False)
              (proj): Linear(in_features=180, out_features=180, bias=True)
              (proj_drop): Dropout(p=0.0, inplace=False)
              (softmax): Softmax(dim=-1)
            )
            (conv_scale): LearnableScale()
            (conv_block): CAB(
              (cab): Sequential(
                (0): Conv2d(180, 60, kernel_size=(3, 3), stride=(1, 1), padding=(1, 1), groups=60)
                (1): GELU(approximate='none')
                (2): Conv2d(60, 180, kernel_size=(3, 3), stride=(1, 1), padding=(1, 1), groups=60)
                (3): ChannelAttention(
                  (attention): Sequential(
                    (0): AdaptiveAvgPool2d(output_size=1)
                    (1): Conv2d(180, 6, kernel_size=(1, 1), stride=(1, 1), groups=6)
                    (2): ReLU(inplace=True)
                    (3): Conv2d(6, 180, kernel_size=(1, 1), stride=(1, 1), groups=6)
                    (4): Sigmoid()
                  )
                )
              )
            )
            (drop_path): DropPath()
            (norm2): LayerNorm((180,), eps=1e-05, elementwise_affine=True)
            (mlp): Mlp(
              (fc1): Linear(in_features=180, out_features=360, bias=True)
              (act): GELU(approximate='none')
              (dwconv): dwconv(
                (depthwise_conv): Sequential(
                  (0): Conv2d(360, 360, kernel_size=(5, 5), stride=(1, 1), padding=(2, 2), groups=360)
                  (1): GELU(approximate='none')
                )
              )
              (fc2): Linear(in_features=360, out_features=180, bias=True)
              (drop): Dropout(p=0.0, inplace=False)
            )
          )
          (5): SwinTransformerBlock(
            dim=180, input_resolution=(48, 48), num_heads=6, window_size=8, shift_size=4, mlp_ratio=2
            (norm1): LayerNorm((180,), eps=1e-05, elementwise_affine=True)
            (attn): WindowAttention(
              dim=180, window_size=(8, 8), num_heads=6
              (q): Linear(in_features=180, out_features=180, bias=True)
              (kv): Linear(in_features=180, out_features=360, bias=True)
              (attn_drop): Dropout(p=0.0, inplace=False)
              (proj): Linear(in_features=180, out_features=180, bias=True)
              (proj_drop): Dropout(p=0.0, inplace=False)
              (softmax): Softmax(dim=-1)
            )
            (conv_scale): LearnableScale()
            (conv_block): CAB(
              (cab): Sequential(
                (0): Conv2d(180, 60, kernel_size=(3, 3), stride=(1, 1), padding=(1, 1), groups=60)
                (1): GELU(approximate='none')
                (2): Conv2d(60, 180, kernel_size=(3, 3), stride=(1, 1), padding=(1, 1), groups=60)
                (3): ChannelAttention(
                  (attention): Sequential(
                    (0): AdaptiveAvgPool2d(output_size=1)
                    (1): Conv2d(180, 6, kernel_size=(1, 1), stride=(1, 1), groups=6)
                    (2): ReLU(inplace=True)
                    (3): Conv2d(6, 180, kernel_size=(1, 1), stride=(1, 1), groups=6)
                    (4): Sigmoid()
                  )
                )
              )
            )
            (drop_path): DropPath()
            (norm2): LayerNorm((180,), eps=1e-05, elementwise_affine=True)
            (mlp): Mlp(
              (fc1): Linear(in_features=180, out_features=360, bias=True)
              (act): GELU(approximate='none')
              (dwconv): dwconv(
                (depthwise_conv): Sequential(
                  (0): Conv2d(360, 360, kernel_size=(5, 5), stride=(1, 1), padding=(2, 2), groups=360)
                  (1): GELU(approximate='none')
                )
              )
              (fc2): Linear(in_features=360, out_features=180, bias=True)
              (drop): Dropout(p=0.0, inplace=False)
            )
          )
        )
      )
      (conv): Conv2d(180, 180, kernel_size=(3, 3), stride=(1, 1), padding=(1, 1))
      (patch_embed): PatchEmbed()
      (patch_unembed): PatchUnEmbed()
    )
    (1-5): 5 x RSTB(
      (residual_group): BasicLayer(
        dim=180, input_resolution=(48, 48), depth=6
        (blocks): ModuleList(
          (0): SwinTransformerBlock(
            dim=180, input_resolution=(48, 48), num_heads=6, window_size=8, shift_size=0, mlp_ratio=2
            (norm1): LayerNorm((180,), eps=1e-05, elementwise_affine=True)
            (attn): WindowAttention(
              dim=180, window_size=(8, 8), num_heads=6
              (q): Linear(in_features=180, out_features=180, bias=True)
              (kv): Linear(in_features=180, out_features=360, bias=True)
              (attn_drop): Dropout(p=0.0, inplace=False)
              (proj): Linear(in_features=180, out_features=180, bias=True)
              (proj_drop): Dropout(p=0.0, inplace=False)
              (softmax): Softmax(dim=-1)
            )
            (conv_scale): LearnableScale()
            (conv_block): CAB(
              (cab): Sequential(
                (0): Conv2d(180, 60, kernel_size=(3, 3), stride=(1, 1), padding=(1, 1), groups=60)
                (1): GELU(approximate='none')
                (2): Conv2d(60, 180, kernel_size=(3, 3), stride=(1, 1), padding=(1, 1), groups=60)
                (3): ChannelAttention(
                  (attention): Sequential(
                    (0): AdaptiveAvgPool2d(output_size=1)
                    (1): Conv2d(180, 6, kernel_size=(1, 1), stride=(1, 1), groups=6)
                    (2): ReLU(inplace=True)
                    (3): Conv2d(6, 180, kernel_size=(1, 1), stride=(1, 1), groups=6)
                    (4): Sigmoid()
                  )
                )
              )
            )
            (drop_path): DropPath()
            (norm2): LayerNorm((180,), eps=1e-05, elementwise_affine=True)
            (mlp): Mlp(
              (fc1): Linear(in_features=180, out_features=360, bias=True)
              (act): GELU(approximate='none')
              (dwconv): dwconv(
                (depthwise_conv): Sequential(
                  (0): Conv2d(360, 360, kernel_size=(5, 5), stride=(1, 1), padding=(2, 2), groups=360)
                  (1): GELU(approximate='none')
                )
              )
              (fc2): Linear(in_features=360, out_features=180, bias=True)
              (drop): Dropout(p=0.0, inplace=False)
            )
          )
          (1): SwinTransformerBlock(
            dim=180, input_resolution=(48, 48), num_heads=6, window_size=8, shift_size=4, mlp_ratio=2
            (norm1): LayerNorm((180,), eps=1e-05, elementwise_affine=True)
            (attn): WindowAttention(
              dim=180, window_size=(8, 8), num_heads=6
              (q): Linear(in_features=180, out_features=180, bias=True)
              (kv): Linear(in_features=180, out_features=360, bias=True)
              (attn_drop): Dropout(p=0.0, inplace=False)
              (proj): Linear(in_features=180, out_features=180, bias=True)
              (proj_drop): Dropout(p=0.0, inplace=False)
              (softmax): Softmax(dim=-1)
            )
            (conv_scale): LearnableScale()
            (conv_block): CAB(
              (cab): Sequential(
                (0): Conv2d(180, 60, kernel_size=(3, 3), stride=(1, 1), padding=(1, 1), groups=60)
                (1): GELU(approximate='none')
                (2): Conv2d(60, 180, kernel_size=(3, 3), stride=(1, 1), padding=(1, 1), groups=60)
                (3): ChannelAttention(
                  (attention): Sequential(
                    (0): AdaptiveAvgPool2d(output_size=1)
                    (1): Conv2d(180, 6, kernel_size=(1, 1), stride=(1, 1), groups=6)
                    (2): ReLU(inplace=True)
                    (3): Conv2d(6, 180, kernel_size=(1, 1), stride=(1, 1), groups=6)
                    (4): Sigmoid()
                  )
                )
              )
            )
            (drop_path): DropPath()
            (norm2): LayerNorm((180,), eps=1e-05, elementwise_affine=True)
            (mlp): Mlp(
              (fc1): Linear(in_features=180, out_features=360, bias=True)
              (act): GELU(approximate='none')
              (dwconv): dwconv(
                (depthwise_conv): Sequential(
                  (0): Conv2d(360, 360, kernel_size=(5, 5), stride=(1, 1), padding=(2, 2), groups=360)
                  (1): GELU(approximate='none')
                )
              )
              (fc2): Linear(in_features=360, out_features=180, bias=True)
              (drop): Dropout(p=0.0, inplace=False)
            )
          )
          (2): SwinTransformerBlock(
            dim=180, input_resolution=(48, 48), num_heads=6, window_size=8, shift_size=0, mlp_ratio=2
            (norm1): LayerNorm((180,), eps=1e-05, elementwise_affine=True)
            (attn): WindowAttention(
              dim=180, window_size=(8, 8), num_heads=6
              (q): Linear(in_features=180, out_features=180, bias=True)
              (kv): Linear(in_features=180, out_features=360, bias=True)
              (attn_drop): Dropout(p=0.0, inplace=False)
              (proj): Linear(in_features=180, out_features=180, bias=True)
              (proj_drop): Dropout(p=0.0, inplace=False)
              (softmax): Softmax(dim=-1)
            )
            (conv_scale): LearnableScale()
            (conv_block): CAB(
              (cab): Sequential(
                (0): Conv2d(180, 60, kernel_size=(3, 3), stride=(1, 1), padding=(1, 1), groups=60)
                (1): GELU(approximate='none')
                (2): Conv2d(60, 180, kernel_size=(3, 3), stride=(1, 1), padding=(1, 1), groups=60)
                (3): ChannelAttention(
                  (attention): Sequential(
                    (0): AdaptiveAvgPool2d(output_size=1)
                    (1): Conv2d(180, 6, kernel_size=(1, 1), stride=(1, 1), groups=6)
                    (2): ReLU(inplace=True)
                    (3): Conv2d(6, 180, kernel_size=(1, 1), stride=(1, 1), groups=6)
                    (4): Sigmoid()
                  )
                )
              )
            )
            (drop_path): DropPath()
            (norm2): LayerNorm((180,), eps=1e-05, elementwise_affine=True)
            (mlp): Mlp(
              (fc1): Linear(in_features=180, out_features=360, bias=True)
              (act): GELU(approximate='none')
              (dwconv): dwconv(
                (depthwise_conv): Sequential(
                  (0): Conv2d(360, 360, kernel_size=(5, 5), stride=(1, 1), padding=(2, 2), groups=360)
                  (1): GELU(approximate='none')
                )
              )
              (fc2): Linear(in_features=360, out_features=180, bias=True)
              (drop): Dropout(p=0.0, inplace=False)
            )
          )
          (3): SwinTransformerBlock(
            dim=180, input_resolution=(48, 48), num_heads=6, window_size=8, shift_size=4, mlp_ratio=2
            (norm1): LayerNorm((180,), eps=1e-05, elementwise_affine=True)
            (attn): WindowAttention(
              dim=180, window_size=(8, 8), num_heads=6
              (q): Linear(in_features=180, out_features=180, bias=True)
              (kv): Linear(in_features=180, out_features=360, bias=True)
              (attn_drop): Dropout(p=0.0, inplace=False)
              (proj): Linear(in_features=180, out_features=180, bias=True)
              (proj_drop): Dropout(p=0.0, inplace=False)
              (softmax): Softmax(dim=-1)
            )
            (conv_scale): LearnableScale()
            (conv_block): CAB(
              (cab): Sequential(
                (0): Conv2d(180, 60, kernel_size=(3, 3), stride=(1, 1), padding=(1, 1), groups=60)
                (1): GELU(approximate='none')
                (2): Conv2d(60, 180, kernel_size=(3, 3), stride=(1, 1), padding=(1, 1), groups=60)
                (3): ChannelAttention(
                  (attention): Sequential(
                    (0): AdaptiveAvgPool2d(output_size=1)
                    (1): Conv2d(180, 6, kernel_size=(1, 1), stride=(1, 1), groups=6)
                    (2): ReLU(inplace=True)
                    (3): Conv2d(6, 180, kernel_size=(1, 1), stride=(1, 1), groups=6)
                    (4): Sigmoid()
                  )
                )
              )
            )
            (drop_path): DropPath()
            (norm2): LayerNorm((180,), eps=1e-05, elementwise_affine=True)
            (mlp): Mlp(
              (fc1): Linear(in_features=180, out_features=360, bias=True)
              (act): GELU(approximate='none')
              (dwconv): dwconv(
                (depthwise_conv): Sequential(
                  (0): Conv2d(360, 360, kernel_size=(5, 5), stride=(1, 1), padding=(2, 2), groups=360)
                  (1): GELU(approximate='none')
                )
              )
              (fc2): Linear(in_features=360, out_features=180, bias=True)
              (drop): Dropout(p=0.0, inplace=False)
            )
          )
          (4): SwinTransformerBlock(
            dim=180, input_resolution=(48, 48), num_heads=6, window_size=8, shift_size=0, mlp_ratio=2
            (norm1): LayerNorm((180,), eps=1e-05, elementwise_affine=True)
            (attn): WindowAttention(
              dim=180, window_size=(8, 8), num_heads=6
              (q): Linear(in_features=180, out_features=180, bias=True)
              (kv): Linear(in_features=180, out_features=360, bias=True)
              (attn_drop): Dropout(p=0.0, inplace=False)
              (proj): Linear(in_features=180, out_features=180, bias=True)
              (proj_drop): Dropout(p=0.0, inplace=False)
              (softmax): Softmax(dim=-1)
            )
            (conv_scale): LearnableScale()
            (conv_block): CAB(
              (cab): Sequential(
                (0): Conv2d(180, 60, kernel_size=(3, 3), stride=(1, 1), padding=(1, 1), groups=60)
                (1): GELU(approximate='none')
                (2): Conv2d(60, 180, kernel_size=(3, 3), stride=(1, 1), padding=(1, 1), groups=60)
                (3): ChannelAttention(
                  (attention): Sequential(
                    (0): AdaptiveAvgPool2d(output_size=1)
                    (1): Conv2d(180, 6, kernel_size=(1, 1), stride=(1, 1), groups=6)
                    (2): ReLU(inplace=True)
                    (3): Conv2d(6, 180, kernel_size=(1, 1), stride=(1, 1), groups=6)
                    (4): Sigmoid()
                  )
                )
              )
            )
            (drop_path): DropPath()
            (norm2): LayerNorm((180,), eps=1e-05, elementwise_affine=True)
            (mlp): Mlp(
              (fc1): Linear(in_features=180, out_features=360, bias=True)
              (act): GELU(approximate='none')
              (dwconv): dwconv(
                (depthwise_conv): Sequential(
                  (0): Conv2d(360, 360, kernel_size=(5, 5), stride=(1, 1), padding=(2, 2), groups=360)
                  (1): GELU(approximate='none')
                )
              )
              (fc2): Linear(in_features=360, out_features=180, bias=True)
              (drop): Dropout(p=0.0, inplace=False)
            )
          )
          (5): SwinTransformerBlock(
            dim=180, input_resolution=(48, 48), num_heads=6, window_size=8, shift_size=4, mlp_ratio=2
            (norm1): LayerNorm((180,), eps=1e-05, elementwise_affine=True)
            (attn): WindowAttention(
              dim=180, window_size=(8, 8), num_heads=6
              (q): Linear(in_features=180, out_features=180, bias=True)
              (kv): Linear(in_features=180, out_features=360, bias=True)
              (attn_drop): Dropout(p=0.0, inplace=False)
              (proj): Linear(in_features=180, out_features=180, bias=True)
              (proj_drop): Dropout(p=0.0, inplace=False)
              (softmax): Softmax(dim=-1)
            )
            (conv_scale): LearnableScale()
            (conv_block): CAB(
              (cab): Sequential(
                (0): Conv2d(180, 60, kernel_size=(3, 3), stride=(1, 1), padding=(1, 1), groups=60)
                (1): GELU(approximate='none')
                (2): Conv2d(60, 180, kernel_size=(3, 3), stride=(1, 1), padding=(1, 1), groups=60)
                (3): ChannelAttention(
                  (attention): Sequential(
                    (0): AdaptiveAvgPool2d(output_size=1)
                    (1): Conv2d(180, 6, kernel_size=(1, 1), stride=(1, 1), groups=6)
                    (2): ReLU(inplace=True)
                    (3): Conv2d(6, 180, kernel_size=(1, 1), stride=(1, 1), groups=6)
                    (4): Sigmoid()
                  )
                )
              )
            )
            (drop_path): DropPath()
            (norm2): LayerNorm((180,), eps=1e-05, elementwise_affine=True)
            (mlp): Mlp(
              (fc1): Linear(in_features=180, out_features=360, bias=True)
              (act): GELU(approximate='none')
              (dwconv): dwconv(
                (depthwise_conv): Sequential(
                  (0): Conv2d(360, 360, kernel_size=(5, 5), stride=(1, 1), padding=(2, 2), groups=360)
                  (1): GELU(approximate='none')
                )
              )
              (fc2): Linear(in_features=360, out_features=180, bias=True)
              (drop): Dropout(p=0.0, inplace=False)
            )
          )
        )
      )
      (conv): Conv2d(180, 180, kernel_size=(3, 3), stride=(1, 1), padding=(1, 1))
      (patch_embed): PatchEmbed()
      (patch_unembed): PatchUnEmbed()
    )
  )
  (edge_convs): ModuleList(
    (0-5): 6 x EdgeConv(
      (dwconv): Conv2d(180, 180, kernel_size=(5, 5), stride=(1, 1), padding=(2, 2), groups=180)
      (gelu): GELU(approximate='none')
    )
  )
  (norm): LayerNorm((180,), eps=1e-05, elementwise_affine=True)
  (conv_after_body): Conv2d(180, 180, kernel_size=(3, 3), stride=(1, 1), padding=(1, 1))
  (conv_before_upsample): Sequential(
    (0): Conv2d(180, 64, kernel_size=(3, 3), stride=(1, 1), padding=(1, 1))
    (1): LeakyReLU(negative_slope=0.01, inplace=True)
  )
  (upsample): Upsample(
    (0): Conv2d(64, 256, kernel_size=(3, 3), stride=(1, 1), padding=(1, 1))
    (1): PixelShuffle(upscale_factor=2)
  )
  (conv_last): Conv2d(64, 3, kernel_size=(3, 3), stride=(1, 1), padding=(1, 1))
)
2023-11-15 22:05:35,394 INFO: Loading SwinIR_Modified model from /share3/home/renzihao/Pipeline/experiments/Doing/013_Pretrained_SwinIR_ConvScale0.01_dwconvs+KV_MSA+(CAB_dwconv)_ConvFFN_DIV2K_P48W8_LR2e-4_B6G1_2080ti_cos/weights/net_g_90000.pth, with param key: [params].
2023-11-15 22:05:35,564 INFO: Use Exponential Moving Average with decay: 0.999
2023-11-15 22:05:35,804 INFO: Loading SwinIR_Modified model from /share3/home/renzihao/Pipeline/experiments/Doing/013_Pretrained_SwinIR_ConvScale0.01_dwconvs+KV_MSA+(CAB_dwconv)_ConvFFN_DIV2K_P48W8_LR2e-4_B6G1_2080ti_cos/weights/net_g_90000.pth, with param key: [params_ema].
2023-11-15 22:05:35,992 INFO: Loss [L1Loss] is created.
2023-11-15 22:05:35,992 WARNING: Params edge_ex.hpf.conv_sobel_x.weight will not be optimized.
2023-11-15 22:05:35,992 WARNING: Params edge_ex.hpf.conv_sobel_y.weight will not be optimized.
2023-11-15 22:05:35,996 INFO: Model [SwinIRModel] is created.
2023-11-15 22:05:36,281 INFO: Resuming training from epoch: 13, iter: 90000.
2023-11-15 22:05:36,815 INFO: Start training from epoch: 13, iter: 90000
